\BOOKMARK [0][-]{chapter.1}{Introducci\363n}{}% 1
\BOOKMARK [1][-]{section.1.1}{M\351todos}{chapter.1}% 2
\BOOKMARK [2][-]{subsection.1.1.1}{Punto fijo}{section.1.1}% 3
\BOOKMARK [2][-]{subsection.1.1.2}{Newton-Rapshon}{section.1.1}% 4
\BOOKMARK [2][-]{subsection.1.1.3}{Secante}{section.1.1}% 5
\BOOKMARK [0][-]{chapter.2}{M\351todolog\355a}{}% 6
\BOOKMARK [1][-]{section.2.1}{Pseudoc\363digo general}{chapter.2}% 7
\BOOKMARK [1][-]{section.2.2}{Pseudoc\363digo punto fijo}{chapter.2}% 8
\BOOKMARK [1][-]{section.2.3}{Pseudoc\363digo Newton-Raphson}{chapter.2}% 9
\BOOKMARK [1][-]{section.2.4}{Pseudoc\363digo secante}{chapter.2}% 10
\BOOKMARK [1][-]{section.2.5}{C\363digo final}{chapter.2}% 11
\BOOKMARK [0][-]{chapter.3}{Ejercicios}{}% 12
\BOOKMARK [1][-]{section.3.1}{6.1}{chapter.3}% 13
\BOOKMARK [2][-]{subsection.3.1.1}{Resultados}{section.3.1}% 14
\BOOKMARK [2][-]{subsection.3.1.2}{Error}{section.3.1}% 15
\BOOKMARK [1][-]{section.3.2}{6.3}{chapter.3}% 16
\BOOKMARK [2][-]{subsection.3.2.1}{Resultados}{section.3.2}% 17
\BOOKMARK [2][-]{subsection.3.2.2}{Error}{section.3.2}% 18
\BOOKMARK [1][-]{section.3.3}{6.5}{chapter.3}% 19
\BOOKMARK [2][-]{subsection.3.3.1}{Resultados}{section.3.3}% 20
\BOOKMARK [2][-]{subsection.3.3.2}{Error}{section.3.3}% 21
\BOOKMARK [1][-]{section.3.4}{6.7}{chapter.3}% 22
\BOOKMARK [2][-]{subsection.3.4.1}{Resultados}{section.3.4}% 23
\BOOKMARK [2][-]{subsection.3.4.2}{Error}{section.3.4}% 24
\BOOKMARK [1][-]{section.3.5}{6.13}{chapter.3}% 25
\BOOKMARK [2][-]{subsection.3.5.1}{Resultados}{section.3.5}% 26
\BOOKMARK [2][-]{subsection.3.5.2}{Error}{section.3.5}% 27
\BOOKMARK [1][-]{section.3.6}{6.19}{chapter.3}% 28
\BOOKMARK [2][-]{subsection.3.6.1}{Resultados}{section.3.6}% 29
\BOOKMARK [2][-]{subsection.3.6.2}{Error}{section.3.6}% 30
\BOOKMARK [0][-]{chapter.4}{Conclusiones}{}% 31
